This is pdfTeX, Version 3.1415926-2.5-1.40.14 (TeX Live 2013/Debian) (format=pdflatex 2015.1.29)  2 MAR 2015 07:52
entering extended mode
 restricted \write18 enabled.
 %&-line parsing enabled.
**main.tex
(./main.tex
LaTeX2e <2011/06/27>
Babel <3.9g> and hyphenation patterns for 78 languages loaded.
(/usr/share/texlive/texmf-dist/tex/latex/base/book.cls
Document Class: book 2007/10/19 v1.4h Standard LaTeX document class
(/usr/share/texlive/texmf-dist/tex/latex/base/bk11.clo
File: bk11.clo 2007/10/19 v1.4h Standard LaTeX file (size option)
)
\c@part=\count79
\c@chapter=\count80
\c@section=\count81
\c@subsection=\count82
\c@subsubsection=\count83
\c@paragraph=\count84
\c@subparagraph=\count85
\c@figure=\count86
\c@table=\count87
\abovecaptionskip=\skip41
\belowcaptionskip=\skip42
\bibindent=\dimen102
)
(/usr/share/texlive/texmf-dist/tex/latex/base/inputenc.sty
Package: inputenc 2008/03/30 v1.1d Input encoding file
\inpenc@prehook=\toks14
\inpenc@posthook=\toks15

(/usr/share/texlive/texmf-dist/tex/latex/ucs/utf8x.def
File: utf8x.def 2004/10/17 UCS: Input encoding UTF-8
))
(/usr/share/texlive/texmf-dist/tex/latex/ucs/ucs.sty
Package: ucs 2013/05/11 v2.2 UCS: Unicode input support

(/usr/share/texlive/texmf-dist/tex/latex/ucs/data/uni-global.def
File: uni-global.def 2013/05/13 UCS: Unicode global data
)
\uc@secondtry=\count88
\uc@combtoks=\toks16
\uc@combtoksb=\toks17
\uc@temptokena=\toks18
)
(/usr/share/texlive/texmf-dist/tex/latex/tools/tabularx.sty
Package: tabularx 1999/01/07 v2.07 `tabularx' package (DPC)

(/usr/share/texlive/texmf-dist/tex/latex/tools/array.sty
Package: array 2008/09/09 v2.4c Tabular extension package (FMi)
\col@sep=\dimen103
\extrarowheight=\dimen104
\NC@list=\toks19
\extratabsurround=\skip43
\backup@length=\skip44
)
\TX@col@width=\dimen105
\TX@old@table=\dimen106
\TX@old@col=\dimen107
\TX@target=\dimen108
\TX@delta=\dimen109
\TX@cols=\count89
\TX@ftn=\toks20
)
(/usr/share/texlive/texmf-dist/tex/latex/booktabs/booktabs.sty
Package: booktabs 2005/04/14 v1.61803 publication quality tables
\heavyrulewidth=\dimen110
\lightrulewidth=\dimen111
\cmidrulewidth=\dimen112
\belowrulesep=\dimen113
\belowbottomsep=\dimen114
\aboverulesep=\dimen115
\abovetopsep=\dimen116
\cmidrulesep=\dimen117
\cmidrulekern=\dimen118
\defaultaddspace=\dimen119
\@cmidla=\count90
\@cmidlb=\count91
\@aboverulesep=\dimen120
\@belowrulesep=\dimen121
\@thisruleclass=\count92
\@lastruleclass=\count93
\@thisrulewidth=\dimen122
)
(/usr/share/texlive/texmf-dist/tex/generic/babel/babel.sty
Package: babel 2013/10/10 3.9g The Babel package

(/usr/share/texlive/texmf-dist/tex/generic/babel-spanish/spanish.ldf
Language: spanish.ldf 2010/05/23 v5.0j Spanish support from the babel system

(/usr/share/texlive/texmf-dist/tex/generic/babel/babel.def
File: babel.def 2013/10/10 3.9g Babel common definitions
\babel@savecnt=\count94
\U@D=\dimen123
)
\es@datefmt=\count95
\es@quottoks=\toks21
\es@quotdepth=\count96
Package babel Info: Making " an active character on input line 495.
Package babel Info: Making . an active character on input line 588.
Package babel Info: Making < an active character on input line 633.
Package babel Info: Making > an active character on input line 633.
))
(/usr/share/texlive/texmf-dist/tex/latex/amsmath/amsmath.sty
Package: amsmath 2013/01/14 v2.14 AMS math features
\@mathmargin=\skip45

For additional information on amsmath, use the `?' option.
(/usr/share/texlive/texmf-dist/tex/latex/amsmath/amstext.sty
Package: amstext 2000/06/29 v2.01

(/usr/share/texlive/texmf-dist/tex/latex/amsmath/amsgen.sty
File: amsgen.sty 1999/11/30 v2.0
\@emptytoks=\toks22
\ex@=\dimen124
))
(/usr/share/texlive/texmf-dist/tex/latex/amsmath/amsbsy.sty
Package: amsbsy 1999/11/29 v1.2d
\pmbraise@=\dimen125
)
(/usr/share/texlive/texmf-dist/tex/latex/amsmath/amsopn.sty
Package: amsopn 1999/12/14 v2.01 operator names
)
\inf@bad=\count97
LaTeX Info: Redefining \frac on input line 210.
\uproot@=\count98
\leftroot@=\count99
LaTeX Info: Redefining \overline on input line 306.
\classnum@=\count100
\DOTSCASE@=\count101
LaTeX Info: Redefining \ldots on input line 378.
LaTeX Info: Redefining \dots on input line 381.
LaTeX Info: Redefining \cdots on input line 466.
\Mathstrutbox@=\box26
\strutbox@=\box27
\big@size=\dimen126
LaTeX Font Info:    Redeclaring font encoding OML on input line 566.
LaTeX Font Info:    Redeclaring font encoding OMS on input line 567.
\macc@depth=\count102
\c@MaxMatrixCols=\count103
\dotsspace@=\muskip10
\c@parentequation=\count104
\dspbrk@lvl=\count105
\tag@help=\toks23
\row@=\count106
\column@=\count107
\maxfields@=\count108
\andhelp@=\toks24
\eqnshift@=\dimen127
\alignsep@=\dimen128
\tagshift@=\dimen129
\tagwidth@=\dimen130
\totwidth@=\dimen131
\lineht@=\dimen132
\@envbody=\toks25
\multlinegap=\skip46
\multlinetaggap=\skip47
\mathdisplay@stack=\toks26
LaTeX Info: Redefining \[ on input line 2665.
LaTeX Info: Redefining \] on input line 2666.
)
(/usr/share/texlive/texmf-dist/tex/latex/amsfonts/amsfonts.sty
Package: amsfonts 2013/01/14 v3.01 Basic AMSFonts support
\symAMSa=\mathgroup4
\symAMSb=\mathgroup5
LaTeX Font Info:    Overwriting math alphabet `\mathfrak' in version `bold'
(Font)                  U/euf/m/n --> U/euf/b/n on input line 106.
)
(/usr/share/texlive/texmf-dist/tex/latex/amsfonts/amssymb.sty
Package: amssymb 2013/01/14 v3.01 AMS font symbols
)
(/usr/share/texlive/texmf-dist/tex/latex/graphics/graphicx.sty
Package: graphicx 1999/02/16 v1.0f Enhanced LaTeX Graphics (DPC,SPQR)

(/usr/share/texlive/texmf-dist/tex/latex/graphics/keyval.sty
Package: keyval 1999/03/16 v1.13 key=value parser (DPC)
\KV@toks@=\toks27
)
(/usr/share/texlive/texmf-dist/tex/latex/graphics/graphics.sty
Package: graphics 2009/02/05 v1.0o Standard LaTeX Graphics (DPC,SPQR)

(/usr/share/texlive/texmf-dist/tex/latex/graphics/trig.sty
Package: trig 1999/03/16 v1.09 sin cos tan (DPC)
)
(/usr/share/texlive/texmf-dist/tex/latex/latexconfig/graphics.cfg
File: graphics.cfg 2010/04/23 v1.9 graphics configuration of TeX Live
)
Package graphics Info: Driver file: pdftex.def on input line 91.

(/usr/share/texlive/texmf-dist/tex/latex/pdftex-def/pdftex.def
File: pdftex.def 2011/05/27 v0.06d Graphics/color for pdfTeX

(/usr/share/texlive/texmf-dist/tex/generic/oberdiek/infwarerr.sty
Package: infwarerr 2010/04/08 v1.3 Providing info/warning/error messages (HO)
)
(/usr/share/texlive/texmf-dist/tex/generic/oberdiek/ltxcmds.sty
Package: ltxcmds 2011/11/09 v1.22 LaTeX kernel commands for general use (HO)
)
\Gread@gobject=\count109
))
\Gin@req@height=\dimen133
\Gin@req@width=\dimen134
)
(/usr/share/texlive/texmf-dist/tex/latex/base/textcomp.sty
Package: textcomp 2005/09/27 v1.99g Standard LaTeX package
Package textcomp Info: Sub-encoding information:
(textcomp)               5 = only ISO-Adobe without \textcurrency
(textcomp)               4 = 5 + \texteuro
(textcomp)               3 = 4 + \textohm
(textcomp)               2 = 3 + \textestimated + \textcurrency
(textcomp)               1 = TS1 - \textcircled - \t
(textcomp)               0 = TS1 (full)
(textcomp)             Font families with sub-encoding setting implement
(textcomp)             only a restricted character set as indicated.
(textcomp)             Family '?' is the default used for unknown fonts.
(textcomp)             See the documentation for details.
Package textcomp Info: Setting ? sub-encoding to TS1/1 on input line 71.

(/usr/share/texlive/texmf-dist/tex/latex/base/ts1enc.def
File: ts1enc.def 2001/06/05 v3.0e (jk/car/fm) Standard LaTeX file
)
LaTeX Info: Redefining \oldstylenums on input line 266.
Package textcomp Info: Setting cmr sub-encoding to TS1/0 on input line 281.
Package textcomp Info: Setting cmss sub-encoding to TS1/0 on input line 282.
Package textcomp Info: Setting cmtt sub-encoding to TS1/0 on input line 283.
Package textcomp Info: Setting cmvtt sub-encoding to TS1/0 on input line 284.
Package textcomp Info: Setting cmbr sub-encoding to TS1/0 on input line 285.
Package textcomp Info: Setting cmtl sub-encoding to TS1/0 on input line 286.
Package textcomp Info: Setting ccr sub-encoding to TS1/0 on input line 287.
Package textcomp Info: Setting ptm sub-encoding to TS1/4 on input line 288.
Package textcomp Info: Setting pcr sub-encoding to TS1/4 on input line 289.
Package textcomp Info: Setting phv sub-encoding to TS1/4 on input line 290.
Package textcomp Info: Setting ppl sub-encoding to TS1/3 on input line 291.
Package textcomp Info: Setting pag sub-encoding to TS1/4 on input line 292.
Package textcomp Info: Setting pbk sub-encoding to TS1/4 on input line 293.
Package textcomp Info: Setting pnc sub-encoding to TS1/4 on input line 294.
Package textcomp Info: Setting pzc sub-encoding to TS1/4 on input line 295.
Package textcomp Info: Setting bch sub-encoding to TS1/4 on input line 296.
Package textcomp Info: Setting put sub-encoding to TS1/5 on input line 297.
Package textcomp Info: Setting uag sub-encoding to TS1/5 on input line 298.
Package textcomp Info: Setting ugq sub-encoding to TS1/5 on input line 299.
Package textcomp Info: Setting ul8 sub-encoding to TS1/4 on input line 300.
Package textcomp Info: Setting ul9 sub-encoding to TS1/4 on input line 301.
Package textcomp Info: Setting augie sub-encoding to TS1/5 on input line 302.
Package textcomp Info: Setting dayrom sub-encoding to TS1/3 on input line 303.
Package textcomp Info: Setting dayroms sub-encoding to TS1/3 on input line 304.

Package textcomp Info: Setting pxr sub-encoding to TS1/0 on input line 305.
Package textcomp Info: Setting pxss sub-encoding to TS1/0 on input line 306.
Package textcomp Info: Setting pxtt sub-encoding to TS1/0 on input line 307.
Package textcomp Info: Setting txr sub-encoding to TS1/0 on input line 308.
Package textcomp Info: Setting txss sub-encoding to TS1/0 on input line 309.
Package textcomp Info: Setting txtt sub-encoding to TS1/0 on input line 310.
Package textcomp Info: Setting lmr sub-encoding to TS1/0 on input line 311.
Package textcomp Info: Setting lmdh sub-encoding to TS1/0 on input line 312.
Package textcomp Info: Setting lmss sub-encoding to TS1/0 on input line 313.
Package textcomp Info: Setting lmssq sub-encoding to TS1/0 on input line 314.
Package textcomp Info: Setting lmvtt sub-encoding to TS1/0 on input line 315.
Package textcomp Info: Setting qhv sub-encoding to TS1/0 on input line 316.
Package textcomp Info: Setting qag sub-encoding to TS1/0 on input line 317.
Package textcomp Info: Setting qbk sub-encoding to TS1/0 on input line 318.
Package textcomp Info: Setting qcr sub-encoding to TS1/0 on input line 319.
Package textcomp Info: Setting qcs sub-encoding to TS1/0 on input line 320.
Package textcomp Info: Setting qpl sub-encoding to TS1/0 on input line 321.
Package textcomp Info: Setting qtm sub-encoding to TS1/0 on input line 322.
Package textcomp Info: Setting qzc sub-encoding to TS1/0 on input line 323.
Package textcomp Info: Setting qhvc sub-encoding to TS1/0 on input line 324.
Package textcomp Info: Setting futs sub-encoding to TS1/4 on input line 325.
Package textcomp Info: Setting futx sub-encoding to TS1/4 on input line 326.
Package textcomp Info: Setting futj sub-encoding to TS1/4 on input line 327.
Package textcomp Info: Setting hlh sub-encoding to TS1/3 on input line 328.
Package textcomp Info: Setting hls sub-encoding to TS1/3 on input line 329.
Package textcomp Info: Setting hlst sub-encoding to TS1/3 on input line 330.
Package textcomp Info: Setting hlct sub-encoding to TS1/5 on input line 331.
Package textcomp Info: Setting hlx sub-encoding to TS1/5 on input line 332.
Package textcomp Info: Setting hlce sub-encoding to TS1/5 on input line 333.
Package textcomp Info: Setting hlcn sub-encoding to TS1/5 on input line 334.
Package textcomp Info: Setting hlcw sub-encoding to TS1/5 on input line 335.
Package textcomp Info: Setting hlcf sub-encoding to TS1/5 on input line 336.
Package textcomp Info: Setting pplx sub-encoding to TS1/3 on input line 337.
Package textcomp Info: Setting pplj sub-encoding to TS1/3 on input line 338.
Package textcomp Info: Setting ptmx sub-encoding to TS1/4 on input line 339.
Package textcomp Info: Setting ptmj sub-encoding to TS1/4 on input line 340.
)
(/usr/share/texlive/texmf-dist/tex/latex/multirow/multirow.sty
\bigstrutjot=\dimen135
)
(/usr/share/texlive/texmf-dist/tex/latex/hyperref/hyperref.sty
Package: hyperref 2012/11/06 v6.83m Hypertext links for LaTeX

(/usr/share/texlive/texmf-dist/tex/generic/oberdiek/hobsub-hyperref.sty
Package: hobsub-hyperref 2012/05/28 v1.13 Bundle oberdiek, subset hyperref (HO)


(/usr/share/texlive/texmf-dist/tex/generic/oberdiek/hobsub-generic.sty
Package: hobsub-generic 2012/05/28 v1.13 Bundle oberdiek, subset generic (HO)
Package: hobsub 2012/05/28 v1.13 Construct package bundles (HO)
Package hobsub Info: Skipping package `infwarerr' (already loaded).
Package hobsub Info: Skipping package `ltxcmds' (already loaded).
Package: ifluatex 2010/03/01 v1.3 Provides the ifluatex switch (HO)
Package ifluatex Info: LuaTeX not detected.
Package: ifvtex 2010/03/01 v1.5 Detect VTeX and its facilities (HO)
Package ifvtex Info: VTeX not detected.
Package: intcalc 2007/09/27 v1.1 Expandable calculations with integers (HO)
Package: ifpdf 2011/01/30 v2.3 Provides the ifpdf switch (HO)
Package ifpdf Info: pdfTeX in PDF mode is detected.
Package: etexcmds 2011/02/16 v1.5 Avoid name clashes with e-TeX commands (HO)
Package etexcmds Info: Could not find \expanded.
(etexcmds)             That can mean that you are not using pdfTeX 1.50 or
(etexcmds)             that some package has redefined \expanded.
(etexcmds)             In the latter case, load this package earlier.
Package: kvsetkeys 2012/04/25 v1.16 Key value parser (HO)
Package: kvdefinekeys 2011/04/07 v1.3 Define keys (HO)
Package: pdftexcmds 2011/11/29 v0.20 Utility functions of pdfTeX for LuaTeX (HO
)
Package pdftexcmds Info: LuaTeX not detected.
Package pdftexcmds Info: \pdf@primitive is available.
Package pdftexcmds Info: \pdf@ifprimitive is available.
Package pdftexcmds Info: \pdfdraftmode found.
Package: pdfescape 2011/11/25 v1.13 Implements pdfTeX's escape features (HO)
Package: bigintcalc 2012/04/08 v1.3 Expandable calculations on big integers (HO
)
Package: bitset 2011/01/30 v1.1 Handle bit-vector datatype (HO)
Package: uniquecounter 2011/01/30 v1.2 Provide unlimited unique counter (HO)
)
Package hobsub Info: Skipping package `hobsub' (already loaded).
Package: letltxmacro 2010/09/02 v1.4 Let assignment for LaTeX macros (HO)
Package: hopatch 2012/05/28 v1.2 Wrapper for package hooks (HO)
Package: xcolor-patch 2011/01/30 xcolor patch
Package: atveryend 2011/06/30 v1.8 Hooks at the very end of document (HO)
Package atveryend Info: \enddocument detected (standard20110627).
Package: atbegshi 2011/10/05 v1.16 At begin shipout hook (HO)
Package: refcount 2011/10/16 v3.4 Data extraction from label references (HO)
Package: hycolor 2011/01/30 v1.7 Color options for hyperref/bookmark (HO)
)
(/usr/share/texlive/texmf-dist/tex/generic/ifxetex/ifxetex.sty
Package: ifxetex 2010/09/12 v0.6 Provides ifxetex conditional
)
(/usr/share/texlive/texmf-dist/tex/latex/oberdiek/auxhook.sty
Package: auxhook 2011/03/04 v1.3 Hooks for auxiliary files (HO)
)
(/usr/share/texlive/texmf-dist/tex/latex/oberdiek/kvoptions.sty
Package: kvoptions 2011/06/30 v3.11 Key value format for package options (HO)
)
\@linkdim=\dimen136
\Hy@linkcounter=\count110
\Hy@pagecounter=\count111

(/usr/share/texlive/texmf-dist/tex/latex/hyperref/pd1enc.def
File: pd1enc.def 2012/11/06 v6.83m Hyperref: PDFDocEncoding definition (HO)
)
\Hy@SavedSpaceFactor=\count112

(/usr/share/texlive/texmf-dist/tex/latex/latexconfig/hyperref.cfg
File: hyperref.cfg 2002/06/06 v1.2 hyperref configuration of TeXLive
)
Package hyperref Info: Option `bookmarks' set `true' on input line 4319.
Package hyperref Info: Hyper figures OFF on input line 4443.
Package hyperref Info: Link nesting OFF on input line 4448.
Package hyperref Info: Hyper index ON on input line 4451.
Package hyperref Info: Plain pages OFF on input line 4458.
Package hyperref Info: Backreferencing OFF on input line 4463.
Package hyperref Info: Implicit mode ON; LaTeX internals redefined.
Package hyperref Info: Bookmarks ON on input line 4688.
\c@Hy@tempcnt=\count113

(/usr/share/texlive/texmf-dist/tex/latex/url/url.sty
\Urlmuskip=\muskip11
Package: url 2006/04/12  ver 3.3  Verb mode for urls, etc.
)
LaTeX Info: Redefining \url on input line 5041.
\XeTeXLinkMargin=\dimen137
\Fld@menulength=\count114
\Field@Width=\dimen138
\Fld@charsize=\dimen139
Package hyperref Info: Hyper figures OFF on input line 6295.
Package hyperref Info: Link nesting OFF on input line 6300.
Package hyperref Info: Hyper index ON on input line 6303.
Package hyperref Info: backreferencing OFF on input line 6310.
Package hyperref Info: Link coloring OFF on input line 6315.
Package hyperref Info: Link coloring with OCG OFF on input line 6320.
Package hyperref Info: PDF/A mode OFF on input line 6325.
LaTeX Info: Redefining \ref on input line 6365.
LaTeX Info: Redefining \pageref on input line 6369.
\Hy@abspage=\count115
\c@Item=\count116
\c@Hfootnote=\count117
)

Package hyperref Message: Driver (autodetected): hpdftex.

(/usr/share/texlive/texmf-dist/tex/latex/hyperref/hpdftex.def
File: hpdftex.def 2012/11/06 v6.83m Hyperref driver for pdfTeX
\Fld@listcount=\count118
\c@bookmark@seq@number=\count119

(/usr/share/texlive/texmf-dist/tex/latex/oberdiek/rerunfilecheck.sty
Package: rerunfilecheck 2011/04/15 v1.7 Rerun checks for auxiliary files (HO)
Package uniquecounter Info: New unique counter `rerunfilecheck' on input line 2
82.
)
\Hy@SectionHShift=\skip48
)
(/usr/share/texlive/texmf-dist/tex/latex/subfig/subfig.sty
Package: subfig 2005/06/28 ver: 1.3 subfig package

(/usr/share/texlive/texmf-dist/tex/latex/caption/caption.sty
Package: caption 2013/05/02 v3.3-89 Customizing captions (AR)

(/usr/share/texlive/texmf-dist/tex/latex/caption/caption3.sty
Package: caption3 2013/05/02 v1.6-88 caption3 kernel (AR)
Package caption3 Info: TeX engine: e-TeX on input line 57.
\captionmargin=\dimen140
\captionmargin@=\dimen141
\captionwidth=\dimen142
\caption@tempdima=\dimen143
\caption@indent=\dimen144
\caption@parindent=\dimen145
\caption@hangindent=\dimen146
)
\c@ContinuedFloat=\count120
Package caption Info: hyperref package is loaded.
)
\c@KVtest=\count121
\sf@farskip=\skip49
\sf@captopadj=\dimen147
\sf@capskip=\skip50
\sf@nearskip=\skip51
\c@subfigure=\count122
\c@subfigure@save=\count123
\c@lofdepth=\count124
\c@subtable=\count125
\c@subtable@save=\count126
\c@lotdepth=\count127
\sf@top=\skip52
\sf@bottom=\skip53
)
(/usr/share/texlive/texmf-dist/tex/latex/float/float.sty
Package: float 2001/11/08 v1.3d Float enhancements (AL)
\c@float@type=\count128
\float@exts=\toks28
\float@box=\box28
\@float@everytoks=\toks29
\@floatcapt=\box29
)
(/usr/share/texlive/texmf-dist/tex/latex/rotating/rotating.sty
Package: rotating 2009/03/28 v2.16a rotated objects in LaTeX

(/usr/share/texlive/texmf-dist/tex/latex/base/ifthen.sty
Package: ifthen 2001/05/26 v1.1c Standard LaTeX ifthen package (DPC)
)
\c@r@tfl@t=\count129
\rotFPtop=\skip54
\rotFPbot=\skip55
\rot@float@box=\box30
\rot@mess@toks=\toks30
)
(/usr/share/texlive/texmf-dist/tex/latex/graphics/lscape.sty
Package: lscape 2000/10/22 v3.01 Landscape Pages (DPC)
)
(/usr/share/texlive/texmf-dist/tex/latex/enumitem/enumitem.sty
Package: enumitem 2011/09/28 v3.5.2 Customized lists
\labelindent=\skip56
\enit@outerparindent=\dimen148
\enit@toks=\toks31
\enit@inbox=\box31
\enitdp@description=\count130
)
(/usr/share/texlive/texmf-dist/tex/latex/tools/longtable.sty
Package: longtable 2004/02/01 v4.11 Multi-page Table package (DPC)
\LTleft=\skip57
\LTright=\skip58
\LTpre=\skip59
\LTpost=\skip60
\LTchunksize=\count131
\LTcapwidth=\dimen149
\LT@head=\box32
\LT@firsthead=\box33
\LT@foot=\box34
\LT@lastfoot=\box35
\LT@cols=\count132
\LT@rows=\count133
\c@LT@tables=\count134
\c@LT@chunks=\count135
\LT@p@ftn=\toks32
)
(/usr/share/texlive/texmf-dist/tex/latex/babelbib/babelbib.sty
Package: babelbib 2012/01/03 v1.31 babelbib: multilingual bibliographies (HH)

(/usr/share/texlive/texmf-dist/tex/latex/babelbib/spanish.bdf
File: spanish.bdf 2012/01/03 v1.31 babelbib: multilingual bibliographies (HH)
)
\c@btxromaniannumeral=\count136
) (./main.aux
LaTeX Info: Redefining \. on input line 24.
LaTeX Info: Redefining \% on input line 24.
LaTeX Info: Redefining \. on input line 28.
LaTeX Info: Redefining \% on input line 28.

(./intro/intro.aux) (./model/model.aux) (./conclusion/conclusion.aux))
\openout1 = `main.aux'.

LaTeX Font Info:    Checking defaults for OML/cmm/m/it on input line 85.
LaTeX Font Info:    ... okay on input line 85.
LaTeX Font Info:    Checking defaults for T1/cmr/m/n on input line 85.
LaTeX Font Info:    ... okay on input line 85.
LaTeX Font Info:    Checking defaults for OT1/cmr/m/n on input line 85.
LaTeX Font Info:    ... okay on input line 85.
LaTeX Font Info:    Checking defaults for OMS/cmsy/m/n on input line 85.
LaTeX Font Info:    ... okay on input line 85.
LaTeX Font Info:    Checking defaults for OMX/cmex/m/n on input line 85.
LaTeX Font Info:    ... okay on input line 85.
LaTeX Font Info:    Checking defaults for U/cmr/m/n on input line 85.
LaTeX Font Info:    ... okay on input line 85.
LaTeX Font Info:    Checking defaults for TS1/cmr/m/n on input line 85.
LaTeX Font Info:    Try loading font information for TS1+cmr on input line 85.

(/usr/share/texlive/texmf-dist/tex/latex/base/ts1cmr.fd
File: ts1cmr.fd 1999/05/25 v2.5h Standard LaTeX font definitions
)
LaTeX Font Info:    ... okay on input line 85.
LaTeX Font Info:    Checking defaults for PD1/pdf/m/n on input line 85.
LaTeX Font Info:    ... okay on input line 85.

(/usr/share/texlive/texmf-dist/tex/latex/ucs/ucsencs.def
File: ucsencs.def 2011/01/21 Fixes to fontencodings LGR, T3
)
LaTeX Info: Redefining \. on input line 85.
LaTeX Info: Redefining \% on input line 85.

(/usr/share/texlive/texmf-dist/tex/context/base/supp-pdf.mkii
[Loading MPS to PDF converter (version 2006.09.02).]
\scratchcounter=\count137
\scratchdimen=\dimen150
\scratchbox=\box36
\nofMPsegments=\count138
\nofMParguments=\count139
\everyMPshowfont=\toks33
\MPscratchCnt=\count140
\MPscratchDim=\dimen151
\MPnumerator=\count141
\makeMPintoPDFobject=\count142
\everyMPtoPDFconversion=\toks34
) (/usr/share/texlive/texmf-dist/tex/latex/oberdiek/epstopdf-base.sty
Package: epstopdf-base 2010/02/09 v2.5 Base part for package epstopdf

(/usr/share/texlive/texmf-dist/tex/latex/oberdiek/grfext.sty
Package: grfext 2010/08/19 v1.1 Manage graphics extensions (HO)
)
Package grfext Info: Graphics extension search list:
(grfext)             [.png,.pdf,.jpg,.mps,.jpeg,.jbig2,.jb2,.PNG,.PDF,.JPG,.JPE
G,.JBIG2,.JB2,.eps]
(grfext)             \AppendGraphicsExtensions on input line 452.

(/usr/share/texlive/texmf-dist/tex/latex/latexconfig/epstopdf-sys.cfg
File: epstopdf-sys.cfg 2010/07/13 v1.3 Configuration of (r)epstopdf for TeX Liv
e
))
\AtBeginShipoutBox=\box37
Package hyperref Info: Link coloring OFF on input line 85.

(/usr/share/texlive/texmf-dist/tex/latex/hyperref/nameref.sty
Package: nameref 2012/10/27 v2.43 Cross-referencing by name of section

(/usr/share/texlive/texmf-dist/tex/generic/oberdiek/gettitlestring.sty
Package: gettitlestring 2010/12/03 v1.4 Cleanup title references (HO)
)
\c@section@level=\count143
)
LaTeX Info: Redefining \ref on input line 85.
LaTeX Info: Redefining \pageref on input line 85.
LaTeX Info: Redefining \nameref on input line 85.

(./main.out) (./main.out)
\@outlinefile=\write3
\openout3 = `main.out'.

Package caption Info: Begin \AtBeginDocument code.
Package caption Info: subfig package v1.3 is loaded.
Package caption Info: float package is loaded.
Package caption Info: longtable package is loaded.

(/usr/share/texlive/texmf-dist/tex/latex/caption/ltcaption.sty
Package: ltcaption 2013/02/03 v1.3-62 longtable captions (AR)
)
Package caption Info: rotating package is loaded.
Package caption Info: End \AtBeginDocument code.

babelbib extension \bibsspanish added to \extrasspanish
babelbib extension \btxifchangecaseoff added to \extrasspanish
babelbib: Use citation-dependent languages in bibliography
babelbib: Set bibliography fall-back language to spanish
LaTeX Info: Redefining \. on input line 85.
LaTeX Info: Redefining \% on input line 85.
<eps_us.pdf, id=56, 130.4875pt x 113.42375pt>
File: eps_us.pdf Graphic file (type pdf)
 <use eps_us.pdf>
Package pdftex.def Info: eps_us.pdf used on input line 97.
(pdftex.def)             Requested size: 170.71652pt x 148.39407pt.

(/usr/share/texlive/texmf-dist/tex/latex/ucs/data/uni-0.def
File: uni-0.def 2013/05/13 UCS: Unicode data U+0000..U+00FF
)
LaTeX Font Info:    Try loading font information for U+msa on input line 120.

(/usr/share/texlive/texmf-dist/tex/latex/amsfonts/umsa.fd
File: umsa.fd 2013/01/14 v3.01 AMS symbols A
)
LaTeX Font Info:    Try loading font information for U+msb on input line 120.

(/usr/share/texlive/texmf-dist/tex/latex/amsfonts/umsb.fd
File: umsb.fd 2013/01/14 v3.01 AMS symbols B
)
Package babel Info: Redefining spanish shorthand <<
(babel)             in language  on input line 145.
Package babel Info: Redefining spanish shorthand >>
(babel)             in language  on input line 145.
Package babel Info: Redefining spanish shorthand "=
(babel)             in language  on input line 145.
Package babel Info: Redefining spanish shorthand "~
(babel)             in language  on input line 145.
Package babel Info: Redefining spanish shorthand "!
(babel)             in language  on input line 145.
Package babel Info: Redefining spanish shorthand "?
(babel)             in language  on input line 145.
Package babel Info: Redefining spanish shorthand <<
(babel)             in language  on input line 145.
Package babel Info: Redefining spanish shorthand >>
(babel)             in language  on input line 145.
Package babel Info: Redefining spanish shorthand "=
(babel)             in language  on input line 145.
Package babel Info: Redefining spanish shorthand "~
(babel)             in language  on input line 145.
Package babel Info: Redefining spanish shorthand "!
(babel)             in language  on input line 145.
Package babel Info: Redefining spanish shorthand "?
(babel)             in language  on input line 145.
 [1




{/var/lib/texmf/fonts/map/pdftex/updmap/pdftex.map} <./eps_us.pdf>]
Package babel Info: Redefining spanish shorthand <<
(babel)             in language  on input line 151.
Package babel Info: Redefining spanish shorthand >>
(babel)             in language  on input line 151.
Package babel Info: Redefining spanish shorthand "=
(babel)             in language  on input line 151.
Package babel Info: Redefining spanish shorthand "~
(babel)             in language  on input line 151.
Package babel Info: Redefining spanish shorthand "!
(babel)             in language  on input line 151.
Package babel Info: Redefining spanish shorthand "?
(babel)             in language  on input line 151.
Package babel Info: Redefining spanish shorthand <<
(babel)             in language  on input line 151.
Package babel Info: Redefining spanish shorthand >>
(babel)             in language  on input line 151.
Package babel Info: Redefining spanish shorthand "=
(babel)             in language  on input line 151.
Package babel Info: Redefining spanish shorthand "~
(babel)             in language  on input line 151.
Package babel Info: Redefining spanish shorthand "!
(babel)             in language  on input line 151.
Package babel Info: Redefining spanish shorthand "?
(babel)             in language  on input line 151.
 [2

]
Package babel Info: Redefining spanish shorthand <<
(babel)             in language  on input line 157.
Package babel Info: Redefining spanish shorthand >>
(babel)             in language  on input line 157.
Package babel Info: Redefining spanish shorthand "=
(babel)             in language  on input line 157.
Package babel Info: Redefining spanish shorthand "~
(babel)             in language  on input line 157.
Package babel Info: Redefining spanish shorthand "!
(babel)             in language  on input line 157.
Package babel Info: Redefining spanish shorthand "?
(babel)             in language  on input line 157.
Package babel Info: Redefining spanish shorthand <<
(babel)             in language  on input line 157.
Package babel Info: Redefining spanish shorthand >>
(babel)             in language  on input line 157.
Package babel Info: Redefining spanish shorthand "=
(babel)             in language  on input line 157.
Package babel Info: Redefining spanish shorthand "~
(babel)             in language  on input line 157.
Package babel Info: Redefining spanish shorthand "!
(babel)             in language  on input line 157.
Package babel Info: Redefining spanish shorthand "?
(babel)             in language  on input line 157.
 [3]
Package babel Info: Redefining spanish shorthand <<
(babel)             in language  on input line 157.
Package babel Info: Redefining spanish shorthand >>
(babel)             in language  on input line 157.
Package babel Info: Redefining spanish shorthand "=
(babel)             in language  on input line 157.
Package babel Info: Redefining spanish shorthand "~
(babel)             in language  on input line 157.
Package babel Info: Redefining spanish shorthand "!
(babel)             in language  on input line 157.
Package babel Info: Redefining spanish shorthand "?
(babel)             in language  on input line 157.
Package babel Info: Redefining spanish shorthand <<
(babel)             in language  on input line 157.
Package babel Info: Redefining spanish shorthand >>
(babel)             in language  on input line 157.
Package babel Info: Redefining spanish shorthand "=
(babel)             in language  on input line 157.
Package babel Info: Redefining spanish shorthand "~
(babel)             in language  on input line 157.
Package babel Info: Redefining spanish shorthand "!
(babel)             in language  on input line 157.
Package babel Info: Redefining spanish shorthand "?
(babel)             in language  on input line 157.
 [4

] (./main.toc
LaTeX Info: Redefining \. on input line 1.
LaTeX Info: Redefining \% on input line 1.
LaTeX Info: Redefining \. on input line 2.
LaTeX Info: Redefining \% on input line 2.
)
\tf@toc=\write4
\openout4 = `main.toc'.

Package babel Info: Redefining spanish shorthand <<
(babel)             in language  on input line 158.
Package babel Info: Redefining spanish shorthand >>
(babel)             in language  on input line 158.
Package babel Info: Redefining spanish shorthand "=
(babel)             in language  on input line 158.
Package babel Info: Redefining spanish shorthand "~
(babel)             in language  on input line 158.
Package babel Info: Redefining spanish shorthand "!
(babel)             in language  on input line 158.
Package babel Info: Redefining spanish shorthand "?
(babel)             in language  on input line 158.
Package babel Info: Redefining spanish shorthand <<
(babel)             in language  on input line 158.
Package babel Info: Redefining spanish shorthand >>
(babel)             in language  on input line 158.
Package babel Info: Redefining spanish shorthand "=
(babel)             in language  on input line 158.
Package babel Info: Redefining spanish shorthand "~
(babel)             in language  on input line 158.
Package babel Info: Redefining spanish shorthand "!
(babel)             in language  on input line 158.
Package babel Info: Redefining spanish shorthand "?
(babel)             in language  on input line 158.

[5]
Package babel Info: Redefining spanish shorthand <<
(babel)             in language  on input line 158.
Package babel Info: Redefining spanish shorthand >>
(babel)             in language  on input line 158.
Package babel Info: Redefining spanish shorthand "=
(babel)             in language  on input line 158.
Package babel Info: Redefining spanish shorthand "~
(babel)             in language  on input line 158.
Package babel Info: Redefining spanish shorthand "!
(babel)             in language  on input line 158.
Package babel Info: Redefining spanish shorthand "?
(babel)             in language  on input line 158.
Package babel Info: Redefining spanish shorthand <<
(babel)             in language  on input line 158.
Package babel Info: Redefining spanish shorthand >>
(babel)             in language  on input line 158.
Package babel Info: Redefining spanish shorthand "=
(babel)             in language  on input line 158.
Package babel Info: Redefining spanish shorthand "~
(babel)             in language  on input line 158.
Package babel Info: Redefining spanish shorthand "!
(babel)             in language  on input line 158.
Package babel Info: Redefining spanish shorthand "?
(babel)             in language  on input line 158.
 [6

] (./main.lot
LaTeX Info: Redefining \. on input line 1.
LaTeX Info: Redefining \% on input line 1.
LaTeX Info: Redefining \. on input line 2.
LaTeX Info: Redefining \% on input line 2.
)
\tf@lot=\write5
\openout5 = `main.lot'.

Package babel Info: Redefining spanish shorthand <<
(babel)             in language  on input line 159.
Package babel Info: Redefining spanish shorthand >>
(babel)             in language  on input line 159.
Package babel Info: Redefining spanish shorthand "=
(babel)             in language  on input line 159.
Package babel Info: Redefining spanish shorthand "~
(babel)             in language  on input line 159.
Package babel Info: Redefining spanish shorthand "!
(babel)             in language  on input line 159.
Package babel Info: Redefining spanish shorthand "?
(babel)             in language  on input line 159.
Package babel Info: Redefining spanish shorthand <<
(babel)             in language  on input line 159.
Package babel Info: Redefining spanish shorthand >>
(babel)             in language  on input line 159.
Package babel Info: Redefining spanish shorthand "=
(babel)             in language  on input line 159.
Package babel Info: Redefining spanish shorthand "~
(babel)             in language  on input line 159.
Package babel Info: Redefining spanish shorthand "!
(babel)             in language  on input line 159.
Package babel Info: Redefining spanish shorthand "?
(babel)             in language  on input line 159.
 [7]
Package babel Info: Redefining spanish shorthand <<
(babel)             in language  on input line 159.
Package babel Info: Redefining spanish shorthand >>
(babel)             in language  on input line 159.
Package babel Info: Redefining spanish shorthand "=
(babel)             in language  on input line 159.
Package babel Info: Redefining spanish shorthand "~
(babel)             in language  on input line 159.
Package babel Info: Redefining spanish shorthand "!
(babel)             in language  on input line 159.
Package babel Info: Redefining spanish shorthand "?
(babel)             in language  on input line 159.
Package babel Info: Redefining spanish shorthand <<
(babel)             in language  on input line 159.
Package babel Info: Redefining spanish shorthand >>
(babel)             in language  on input line 159.
Package babel Info: Redefining spanish shorthand "=
(babel)             in language  on input line 159.
Package babel Info: Redefining spanish shorthand "~
(babel)             in language  on input line 159.
Package babel Info: Redefining spanish shorthand "!
(babel)             in language  on input line 159.
Package babel Info: Redefining spanish shorthand "?
(babel)             in language  on input line 159.
 [8

] (./main.lof
LaTeX Info: Redefining \. on input line 1.
LaTeX Info: Redefining \% on input line 1.
LaTeX Info: Redefining \. on input line 2.
LaTeX Info: Redefining \% on input line 2.
)
\tf@lof=\write6
\openout6 = `main.lof'.

Package babel Info: Redefining spanish shorthand <<
(babel)             in language  on input line 166.
Package babel Info: Redefining spanish shorthand >>
(babel)             in language  on input line 166.
Package babel Info: Redefining spanish shorthand "=
(babel)             in language  on input line 166.
Package babel Info: Redefining spanish shorthand "~
(babel)             in language  on input line 166.
Package babel Info: Redefining spanish shorthand "!
(babel)             in language  on input line 166.
Package babel Info: Redefining spanish shorthand "?
(babel)             in language  on input line 166.
Package babel Info: Redefining spanish shorthand <<
(babel)             in language  on input line 166.
Package babel Info: Redefining spanish shorthand >>
(babel)             in language  on input line 166.
Package babel Info: Redefining spanish shorthand "=
(babel)             in language  on input line 166.
Package babel Info: Redefining spanish shorthand "~
(babel)             in language  on input line 166.
Package babel Info: Redefining spanish shorthand "!
(babel)             in language  on input line 166.
Package babel Info: Redefining spanish shorthand "?
(babel)             in language  on input line 166.
 [9]
Package babel Info: Redefining spanish shorthand <<
(babel)             in language  on input line 173.
Package babel Info: Redefining spanish shorthand >>
(babel)             in language  on input line 173.
Package babel Info: Redefining spanish shorthand "=
(babel)             in language  on input line 173.
Package babel Info: Redefining spanish shorthand "~
(babel)             in language  on input line 173.
Package babel Info: Redefining spanish shorthand "!
(babel)             in language  on input line 173.
Package babel Info: Redefining spanish shorthand "?
(babel)             in language  on input line 173.
Package babel Info: Redefining spanish shorthand <<
(babel)             in language  on input line 173.
Package babel Info: Redefining spanish shorthand >>
(babel)             in language  on input line 173.
Package babel Info: Redefining spanish shorthand "=
(babel)             in language  on input line 173.
Package babel Info: Redefining spanish shorthand "~
(babel)             in language  on input line 173.
Package babel Info: Redefining spanish shorthand "!
(babel)             in language  on input line 173.
Package babel Info: Redefining spanish shorthand "?
(babel)             in language  on input line 173.
 [1]
\openout2 = `intro/intro.aux'.

 (./intro/intro.tex
Package babel Info: Redefining spanish shorthand <<
(babel)             in language  on input line 1.
Package babel Info: Redefining spanish shorthand >>
(babel)             in language  on input line 1.
Package babel Info: Redefining spanish shorthand "=
(babel)             in language  on input line 1.
Package babel Info: Redefining spanish shorthand "~
(babel)             in language  on input line 1.
Package babel Info: Redefining spanish shorthand "!
(babel)             in language  on input line 1.
Package babel Info: Redefining spanish shorthand "?
(babel)             in language  on input line 1.
Package babel Info: Redefining spanish shorthand <<
(babel)             in language  on input line 1.
Package babel Info: Redefining spanish shorthand >>
(babel)             in language  on input line 1.
Package babel Info: Redefining spanish shorthand "=
(babel)             in language  on input line 1.
Package babel Info: Redefining spanish shorthand "~
(babel)             in language  on input line 1.
Package babel Info: Redefining spanish shorthand "!
(babel)             in language  on input line 1.
Package babel Info: Redefining spanish shorthand "?
(babel)             in language  on input line 1.
 [2


]
Cap\'{\i }tulo 1.
Package babel Info: Redefining spanish shorthand <<
(babel)             in language  on input line 1.
Package babel Info: Redefining spanish shorthand >>
(babel)             in language  on input line 1.
Package babel Info: Redefining spanish shorthand "=
(babel)             in language  on input line 1.
Package babel Info: Redefining spanish shorthand "~
(babel)             in language  on input line 1.
Package babel Info: Redefining spanish shorthand "!
(babel)             in language  on input line 1.
Package babel Info: Redefining spanish shorthand "?
(babel)             in language  on input line 1.
Package babel Info: Redefining spanish shorthand <<
(babel)             in language  on input line 6.
Package babel Info: Redefining spanish shorthand >>
(babel)             in language  on input line 6.
Package babel Info: Redefining spanish shorthand "=
(babel)             in language  on input line 6.
Package babel Info: Redefining spanish shorthand "~
(babel)             in language  on input line 6.
Package babel Info: Redefining spanish shorthand "!
(babel)             in language  on input line 6.
Package babel Info: Redefining spanish shorthand "?
(babel)             in language  on input line 6.
)
Package babel Info: Redefining spanish shorthand <<
(babel)             in language  on input line 173.
Package babel Info: Redefining spanish shorthand >>
(babel)             in language  on input line 173.
Package babel Info: Redefining spanish shorthand "=
(babel)             in language  on input line 173.
Package babel Info: Redefining spanish shorthand "~
(babel)             in language  on input line 173.
Package babel Info: Redefining spanish shorthand "!
(babel)             in language  on input line 173.
Package babel Info: Redefining spanish shorthand "?
(babel)             in language  on input line 173.
Package babel Info: Redefining spanish shorthand <<
(babel)             in language  on input line 173.
Package babel Info: Redefining spanish shorthand >>
(babel)             in language  on input line 173.
Package babel Info: Redefining spanish shorthand "=
(babel)             in language  on input line 173.
Package babel Info: Redefining spanish shorthand "~
(babel)             in language  on input line 173.
Package babel Info: Redefining spanish shorthand "!
(babel)             in language  on input line 173.
Package babel Info: Redefining spanish shorthand "?
(babel)             in language  on input line 173.
 [3]
\openout2 = `model/model.aux'.

 (./model/model.tex
Package babel Info: Redefining spanish shorthand <<
(babel)             in language  on input line 1.
Package babel Info: Redefining spanish shorthand >>
(babel)             in language  on input line 1.
Package babel Info: Redefining spanish shorthand "=
(babel)             in language  on input line 1.
Package babel Info: Redefining spanish shorthand "~
(babel)             in language  on input line 1.
Package babel Info: Redefining spanish shorthand "!
(babel)             in language  on input line 1.
Package babel Info: Redefining spanish shorthand "?
(babel)             in language  on input line 1.
Package babel Info: Redefining spanish shorthand <<
(babel)             in language  on input line 1.
Package babel Info: Redefining spanish shorthand >>
(babel)             in language  on input line 1.
Package babel Info: Redefining spanish shorthand "=
(babel)             in language  on input line 1.
Package babel Info: Redefining spanish shorthand "~
(babel)             in language  on input line 1.
Package babel Info: Redefining spanish shorthand "!
(babel)             in language  on input line 1.
Package babel Info: Redefining spanish shorthand "?
(babel)             in language  on input line 1.
 [4



]
Cap\'{\i }tulo 2.
Package babel Info: Redefining spanish shorthand <<
(babel)             in language  on input line 1.
Package babel Info: Redefining spanish shorthand >>
(babel)             in language  on input line 1.
Package babel Info: Redefining spanish shorthand "=
(babel)             in language  on input line 1.
Package babel Info: Redefining spanish shorthand "~
(babel)             in language  on input line 1.
Package babel Info: Redefining spanish shorthand "!
(babel)             in language  on input line 1.
Package babel Info: Redefining spanish shorthand "?
(babel)             in language  on input line 1.
Package babel Info: Redefining spanish shorthand <<
(babel)             in language  on input line 3.
Package babel Info: Redefining spanish shorthand >>
(babel)             in language  on input line 3.
Package babel Info: Redefining spanish shorthand "=
(babel)             in language  on input line 3.
Package babel Info: Redefining spanish shorthand "~
(babel)             in language  on input line 3.
Package babel Info: Redefining spanish shorthand "!
(babel)             in language  on input line 3.
Package babel Info: Redefining spanish shorthand "?
(babel)             in language  on input line 3.
Package babel Info: Redefining spanish shorthand <<
(babel)             in language  on input line 5.
Package babel Info: Redefining spanish shorthand >>
(babel)             in language  on input line 5.
Package babel Info: Redefining spanish shorthand "=
(babel)             in language  on input line 5.
Package babel Info: Redefining spanish shorthand "~
(babel)             in language  on input line 5.
Package babel Info: Redefining spanish shorthand "!
(babel)             in language  on input line 5.
Package babel Info: Redefining spanish shorthand "?
(babel)             in language  on input line 5.
Package babel Info: Redefining spanish shorthand <<
(babel)             in language  on input line 14.
Package babel Info: Redefining spanish shorthand >>
(babel)             in language  on input line 14.
Package babel Info: Redefining spanish shorthand "=
(babel)             in language  on input line 14.
Package babel Info: Redefining spanish shorthand "~
(babel)             in language  on input line 14.
Package babel Info: Redefining spanish shorthand "!
(babel)             in language  on input line 14.
Package babel Info: Redefining spanish shorthand "?
(babel)             in language  on input line 14.
Package babel Info: Redefining spanish shorthand <<
(babel)             in language  on input line 22.
Package babel Info: Redefining spanish shorthand >>
(babel)             in language  on input line 22.
Package babel Info: Redefining spanish shorthand "=
(babel)             in language  on input line 22.
Package babel Info: Redefining spanish shorthand "~
(babel)             in language  on input line 22.
Package babel Info: Redefining spanish shorthand "!
(babel)             in language  on input line 22.
Package babel Info: Redefining spanish shorthand "?
(babel)             in language  on input line 22.
Package babel Info: Redefining spanish shorthand <<
(babel)             in language  on input line 28.
Package babel Info: Redefining spanish shorthand >>
(babel)             in language  on input line 28.
Package babel Info: Redefining spanish shorthand "=
(babel)             in language  on input line 28.
Package babel Info: Redefining spanish shorthand "~
(babel)             in language  on input line 28.
Package babel Info: Redefining spanish shorthand "!
(babel)             in language  on input line 28.
Package babel Info: Redefining spanish shorthand "?
(babel)             in language  on input line 28.
Package babel Info: Redefining spanish shorthand <<
(babel)             in language  on input line 30.
Package babel Info: Redefining spanish shorthand >>
(babel)             in language  on input line 30.
Package babel Info: Redefining spanish shorthand "=
(babel)             in language  on input line 30.
Package babel Info: Redefining spanish shorthand "~
(babel)             in language  on input line 30.
Package babel Info: Redefining spanish shorthand "!
(babel)             in language  on input line 30.
Package babel Info: Redefining spanish shorthand "?
(babel)             in language  on input line 30.
Package babel Info: Redefining spanish shorthand <<
(babel)             in language  on input line 44.
Package babel Info: Redefining spanish shorthand >>
(babel)             in language  on input line 44.
Package babel Info: Redefining spanish shorthand "=
(babel)             in language  on input line 44.
Package babel Info: Redefining spanish shorthand "~
(babel)             in language  on input line 44.
Package babel Info: Redefining spanish shorthand "!
(babel)             in language  on input line 44.
Package babel Info: Redefining spanish shorthand "?
(babel)             in language  on input line 44.
Package babel Info: Redefining spanish shorthand <<
(babel)             in language  on input line 66.
Package babel Info: Redefining spanish shorthand >>
(babel)             in language  on input line 66.
Package babel Info: Redefining spanish shorthand "=
(babel)             in language  on input line 66.
Package babel Info: Redefining spanish shorthand "~
(babel)             in language  on input line 66.
Package babel Info: Redefining spanish shorthand "!
(babel)             in language  on input line 66.
Package babel Info: Redefining spanish shorthand "?
(babel)             in language  on input line 66.
Package babel Info: Redefining spanish shorthand <<
(babel)             in language  on input line 66.
Package babel Info: Redefining spanish shorthand >>
(babel)             in language  on input line 66.
Package babel Info: Redefining spanish shorthand "=
(babel)             in language  on input line 66.
Package babel Info: Redefining spanish shorthand "~
(babel)             in language  on input line 66.
Package babel Info: Redefining spanish shorthand "!
(babel)             in language  on input line 66.
Package babel Info: Redefining spanish shorthand "?
(babel)             in language  on input line 66.
[5]
Package babel Info: Redefining spanish shorthand <<
(babel)             in language  on input line 68.
Package babel Info: Redefining spanish shorthand >>
(babel)             in language  on input line 68.
Package babel Info: Redefining spanish shorthand "=
(babel)             in language  on input line 68.
Package babel Info: Redefining spanish shorthand "~
(babel)             in language  on input line 68.
Package babel Info: Redefining spanish shorthand "!
(babel)             in language  on input line 68.
Package babel Info: Redefining spanish shorthand "?
(babel)             in language  on input line 68.
 <model/pdf/pi.pdf, id=157, 202.17993pt x 81.85121pt>
File: model/pdf/pi.pdf Graphic file (type pdf)

<use model/pdf/pi.pdf>
Package pdftex.def Info: model/pdf/pi.pdf used on input line 72.
(pdftex.def)             Requested size: 239.00557pt x 96.76341pt.
 <./pdf/circuitos.pdf, id=158, 345.22954pt x 60.25691pt>
File: ./pdf/circuitos.pdf Graphic file (type pdf)

<use ./pdf/circuitos.pdf>
Package pdftex.def Info: ./pdf/circuitos.pdf used on input line 79.
(pdftex.def)             Requested size: 398.33858pt x 69.52844pt.
Package babel Info: Redefining spanish shorthand <<
(babel)             in language  on input line 85.
Package babel Info: Redefining spanish shorthand >>
(babel)             in language  on input line 85.
Package babel Info: Redefining spanish shorthand "=
(babel)             in language  on input line 85.
Package babel Info: Redefining spanish shorthand "~
(babel)             in language  on input line 85.
Package babel Info: Redefining spanish shorthand "!
(babel)             in language  on input line 85.
Package babel Info: Redefining spanish shorthand "?
(babel)             in language  on input line 85.
)
LaTeX Info: Redefining \. on input line 174.
LaTeX Info: Redefining \% on input line 174.
Package babel Info: Redefining spanish shorthand <<
(babel)             in language  on input line 174.
Package babel Info: Redefining spanish shorthand >>
(babel)             in language  on input line 174.
Package babel Info: Redefining spanish shorthand "=
(babel)             in language  on input line 174.
Package babel Info: Redefining spanish shorthand "~
(babel)             in language  on input line 174.
Package babel Info: Redefining spanish shorthand "!
(babel)             in language  on input line 174.
Package babel Info: Redefining spanish shorthand "?
(babel)             in language  on input line 174.
Package babel Info: Redefining spanish shorthand <<
(babel)             in language  on input line 174.
Package babel Info: Redefining spanish shorthand >>
(babel)             in language  on input line 174.
Package babel Info: Redefining spanish shorthand "=
(babel)             in language  on input line 174.
Package babel Info: Redefining spanish shorthand "~
(babel)             in language  on input line 174.
Package babel Info: Redefining spanish shorthand "!
(babel)             in language  on input line 174.
Package babel Info: Redefining spanish shorthand "?
(babel)             in language  on input line 174.
 [6 <./model/pdf/pi.pdf> <./pdf/circuitos.pdf

pdfTeX warning: pdflatex (file ./pdf/circuitos.pdf): PDF inclusion: multiple pd
fs with page group included in a single page
>]
\openout2 = `conclusion/conclusion.aux'.

 (./conclusion/conclusion.tex
Cap\'{\i }tulo 3.
Package babel Info: Redefining spanish shorthand <<
(babel)             in language  on input line 1.
Package babel Info: Redefining spanish shorthand >>
(babel)             in language  on input line 1.
Package babel Info: Redefining spanish shorthand "=
(babel)             in language  on input line 1.
Package babel Info: Redefining spanish shorthand "~
(babel)             in language  on input line 1.
Package babel Info: Redefining spanish shorthand "!
(babel)             in language  on input line 1.
Package babel Info: Redefining spanish shorthand "?
(babel)             in language  on input line 1.
)
Package babel Info: Redefining spanish shorthand <<
(babel)             in language  on input line 175.
Package babel Info: Redefining spanish shorthand >>
(babel)             in language  on input line 175.
Package babel Info: Redefining spanish shorthand "=
(babel)             in language  on input line 175.
Package babel Info: Redefining spanish shorthand "~
(babel)             in language  on input line 175.
Package babel Info: Redefining spanish shorthand "!
(babel)             in language  on input line 175.
Package babel Info: Redefining spanish shorthand "?
(babel)             in language  on input line 175.
Package babel Info: Redefining spanish shorthand <<
(babel)             in language  on input line 175.
Package babel Info: Redefining spanish shorthand >>
(babel)             in language  on input line 175.
Package babel Info: Redefining spanish shorthand "=
(babel)             in language  on input line 175.
Package babel Info: Redefining spanish shorthand "~
(babel)             in language  on input line 175.
Package babel Info: Redefining spanish shorthand "!
(babel)             in language  on input line 175.
Package babel Info: Redefining spanish shorthand "?
(babel)             in language  on input line 175.
 [7



] (./main.bbl
Package babel Info: Redefining spanish shorthand <<
(babel)             in language  on input line 1.
Package babel Info: Redefining spanish shorthand >>
(babel)             in language  on input line 1.
Package babel Info: Redefining spanish shorthand "=
(babel)             in language  on input line 1.
Package babel Info: Redefining spanish shorthand "~
(babel)             in language  on input line 1.
Package babel Info: Redefining spanish shorthand "!
(babel)             in language  on input line 1.
Package babel Info: Redefining spanish shorthand "?
(babel)             in language  on input line 1.
Package babel Info: Redefining spanish shorthand <<
(babel)             in language  on input line 1.
Package babel Info: Redefining spanish shorthand >>
(babel)             in language  on input line 1.
Package babel Info: Redefining spanish shorthand "=
(babel)             in language  on input line 1.
Package babel Info: Redefining spanish shorthand "~
(babel)             in language  on input line 1.
Package babel Info: Redefining spanish shorthand "!
(babel)             in language  on input line 1.
Package babel Info: Redefining spanish shorthand "?
(babel)             in language  on input line 1.
 [8


])
Package atveryend Info: Empty hook `BeforeClearDocument' on input line 179.
Package babel Info: Redefining spanish shorthand <<
(babel)             in language  on input line 179.
Package babel Info: Redefining spanish shorthand >>
(babel)             in language  on input line 179.
Package babel Info: Redefining spanish shorthand "=
(babel)             in language  on input line 179.
Package babel Info: Redefining spanish shorthand "~
(babel)             in language  on input line 179.
Package babel Info: Redefining spanish shorthand "!
(babel)             in language  on input line 179.
Package babel Info: Redefining spanish shorthand "?
(babel)             in language  on input line 179.
Package babel Info: Redefining spanish shorthand <<
(babel)             in language  on input line 179.
Package babel Info: Redefining spanish shorthand >>
(babel)             in language  on input line 179.
Package babel Info: Redefining spanish shorthand "=
(babel)             in language  on input line 179.
Package babel Info: Redefining spanish shorthand "~
(babel)             in language  on input line 179.
Package babel Info: Redefining spanish shorthand "!
(babel)             in language  on input line 179.
Package babel Info: Redefining spanish shorthand "?
(babel)             in language  on input line 179.
 [9]
Package atveryend Info: Empty hook `AfterLastShipout' on input line 179.
 (./main.aux
LaTeX Info: Redefining \. on input line 24.
LaTeX Info: Redefining \% on input line 24.
LaTeX Info: Redefining \. on input line 28.
LaTeX Info: Redefining \% on input line 28.
 (./intro/intro.aux) (./model/model.aux)
(./conclusion/conclusion.aux))
Package atveryend Info: Executing hook `AtVeryEndDocument' on input line 179.
Package atveryend Info: Executing hook `AtEndAfterFileList' on input line 179.
Package rerunfilecheck Info: File `main.out' has not changed.
(rerunfilecheck)             Checksum: 6C36F4F8B80633369766CAC8FAEC07D3;816.
Package atveryend Info: Empty hook `AtVeryVeryEnd' on input line 179.
 ) 
Here is how much of TeX's memory you used:
 10098 strings out of 493304
 148337 string characters out of 6139871
 251188 words of memory out of 5000000
 13320 multiletter control sequences out of 15000+600000
 15241 words of font info for 57 fonts, out of 8000000 for 9000
 958 hyphenation exceptions out of 8191
 44i,10n,42p,320b,592s stack positions out of 5000i,500n,10000p,200000b,80000s
</usr/share/texlive/texmf-dist/fonts/type1/public/amsfonts/cm/cmbx10.pfb></us
r/share/texlive/texmf-dist/fonts/type1/public/amsfonts/cm/cmbx12.pfb></usr/shar
e/texlive/texmf-dist/fonts/type1/public/amsfonts/cm/cmcsc10.pfb></usr/share/tex
live/texmf-dist/fonts/type1/public/amsfonts/cm/cmmi10.pfb></usr/share/texlive/t
exmf-dist/fonts/type1/public/amsfonts/cm/cmmi8.pfb></usr/share/texlive/texmf-di
st/fonts/type1/public/amsfonts/cm/cmr10.pfb></usr/share/texlive/texmf-dist/font
s/type1/public/amsfonts/cm/cmr12.pfb></usr/share/texlive/texmf-dist/fonts/type1
/public/amsfonts/cm/cmr8.pfb></usr/share/texlive/texmf-dist/fonts/type1/public/
amsfonts/cm/cmsl10.pfb></usr/share/texlive/texmf-dist/fonts/type1/public/amsfon
ts/cm/cmsy10.pfb></usr/share/texlive/texmf-dist/fonts/type1/public/amsfonts/cm/
cmti10.pfb>
Output written on main.pdf (18 pages, 276717 bytes).
PDF statistics:
 238 PDF objects out of 1000 (max. 8388607)
 200 compressed objects within 2 object streams
 45 named destinations out of 1000 (max. 500000)
 120 words of extra memory for PDF output out of 10000 (max. 10000000)

